#-----------------------------------------------------------
# Vivado v2019.2 (64-bit)
# SW Build 2708876 on Wed Nov  6 21:40:23 MST 2019
# IP Build 2700528 on Thu Nov  7 00:09:20 MST 2019
# Start of session at: Wed Dec 27 15:44:02 2023
# Process ID: 23940
# Current directory: D:/CODE/computer_organization/FirstExperiment
# Command line: vivado.exe -gui_launcher_event rodinguilauncherevent19600 D:\CODE\computer_organization\FirstExperiment\FirstExperiment.xpr
# Log file: D:/CODE/computer_organization/FirstExperiment/vivado.log
# Journal file: D:/CODE/computer_organization/FirstExperiment\vivado.jou
#-----------------------------------------------------------
start_gui
open_project D:/CODE/computer_organization/FirstExperiment/FirstExperiment.xpr
Scanning sources...
Finished scanning sources
INFO: [IP_Flow 19-234] Refreshing IP repositories
INFO: [IP_Flow 19-1704] No user IP repositories specified
INFO: [IP_Flow 19-2313] Loaded Vivado IP repository 'D:/Xilinx/Vivado/2019.2/data/ip'.
update_compile_order -fileset sources_1
exit
INFO: [Common 17-206] Exiting Vivado at Wed Dec 27 19:16:35 2023...
