#-----------------------------------------------------------
# Vivado v2019.2 (64-bit)
# SW Build 2708876 on Wed Nov  6 21:40:23 MST 2019
# IP Build 2700528 on Thu Nov  7 00:09:20 MST 2019
# Start of session at: Wed Jan  4 03:33:00 2023
# Process ID: 4444
# Current directory: C:/Users/Meng/Desktop/temp/JizuData/cpu
# Command line: vivado.exe -gui_launcher_event rodinguilauncherevent3636 C:\Users\Meng\Desktop\temp\JizuData\cpu\cpu.xpr
# Log file: C:/Users/Meng/Desktop/temp/JizuData/cpu/vivado.log
# Journal file: C:/Users/Meng/Desktop/temp/JizuData/cpu\vivado.jou
#-----------------------------------------------------------
start_gui
open_project C:/Users/Meng/Desktop/temp/JizuData/cpu/cpu.xpr
Scanning sources...
Finished scanning sources
INFO: [IP_Flow 19-234] Refreshing IP repositories
INFO: [IP_Flow 19-1704] No user IP repositories specified
INFO: [IP_Flow 19-2313] Loaded Vivado IP repository 'C:/Xilinx/Vivado/2019.2/data/ip'.
open_project: Time (s): cpu = 00:00:09 ; elapsed = 00:00:08 . Memory (MB): peak = 707.453 ; gain = 113.934
update_compile_order -fileset sources_1
launch_runs synth_1
[Wed Jan  4 03:35:13 2023] Launched synth_1...
Run output will be captured here: C:/Users/Meng/Desktop/temp/JizuData/cpu/cpu.runs/synth_1/runme.log
reset_run synth_1
launch_runs synth_1
[Wed Jan  4 03:35:30 2023] Launched synth_1...
Run output will be captured here: C:/Users/Meng/Desktop/temp/JizuData/cpu/cpu.runs/synth_1/runme.log
exit
INFO: [Common 17-206] Exiting Vivado at Wed Jan  4 03:55:11 2023...
