#-----------------------------------------------------------
# Vivado v2019.2 (64-bit)
# SW Build 2708876 on Wed Nov  6 21:40:23 MST 2019
# IP Build 2700528 on Thu Nov  7 00:09:20 MST 2019
# Start of session at: Wed Jan  4 01:49:17 2023
# Process ID: 7672
# Current directory: C:/Users/Meng/Desktop/temp/JizuData/cpu
# Command line: vivado.exe -gui_launcher_event rodinguilauncherevent3332 C:\Users\Meng\Desktop\temp\JizuData\cpu\cpu.xpr
# Log file: C:/Users/Meng/Desktop/temp/JizuData/cpu/vivado.log
# Journal file: C:/Users/Meng/Desktop/temp/JizuData/cpu\vivado.jou
#-----------------------------------------------------------
start_gui
open_project C:/Users/Meng/Desktop/temp/JizuData/cpu/cpu.xpr
Scanning sources...
Finished scanning sources
INFO: [IP_Flow 19-234] Refreshing IP repositories
INFO: [IP_Flow 19-1704] No user IP repositories specified
INFO: [IP_Flow 19-2313] Loaded Vivado IP repository 'C:/Xilinx/Vivado/2019.2/data/ip'.
open_project: Time (s): cpu = 00:00:08 ; elapsed = 00:00:07 . Memory (MB): peak = 994.613 ; gain = 80.457
update_compile_order -fileset sources_1
exit
INFO: [Common 17-206] Exiting Vivado at Wed Jan  4 01:49:57 2023...
